{"/home/williamc/Projects/RootDriving/driving.js": {"path":"/home/williamc/Projects/RootDriving/driving.js","statementMap":{"0":{"start":{"line":6,"column":20},"end":{"line":10,"column":1}},"1":{"start":{"line":7,"column":18},"end":{"line":7,"column":48}},"2":{"start":{"line":8,"column":30},"end":{"line":8,"column":54}},"3":{"start":{"line":9,"column":2},"end":{"line":9,"column":32}},"4":{"start":{"line":12,"column":27},"end":{"line":23,"column":1}},"5":{"start":{"line":13,"column":15},"end":{"line":13,"column":30}},"6":{"start":{"line":15,"column":2},"end":{"line":20,"column":3}},"7":{"start":{"line":16,"column":4},"end":{"line":18,"column":6}},"8":{"start":{"line":19,"column":4},"end":{"line":19,"column":20}},"9":{"start":{"line":22,"column":2},"end":{"line":22,"column":35}},"10":{"start":{"line":25,"column":22},"end":{"line":45,"column":1}},"11":{"start":{"line":26,"column":2},"end":{"line":44,"column":3}},"12":{"start":{"line":29,"column":8},"end":{"line":32,"column":9}},"13":{"start":{"line":31,"column":10},"end":{"line":31,"column":48}},"14":{"start":{"line":33,"column":8},"end":{"line":33,"column":42}},"15":{"start":{"line":35,"column":45},"end":{"line":35,"column":83}},"16":{"start":{"line":36,"column":54},"end":{"line":36,"column":69}},"17":{"start":{"line":38,"column":8},"end":{"line":40,"column":9}},"18":{"start":{"line":39,"column":10},"end":{"line":39,"column":81}},"19":{"start":{"line":41,"column":8},"end":{"line":41,"column":35}},"20":{"start":{"line":47,"column":27},"end":{"line":56,"column":1}},"21":{"start":{"line":48,"column":2},"end":{"line":54,"column":3}},"22":{"start":{"line":49,"column":4},"end":{"line":52,"column":6}},"23":{"start":{"line":53,"column":4},"end":{"line":53,"column":19}},"24":{"start":{"line":55,"column":2},"end":{"line":55,"column":17}},"25":{"start":{"line":58,"column":28},"end":{"line":65,"column":1}},"26":{"start":{"line":59,"column":25},"end":{"line":59,"column":56}},"27":{"start":{"line":60,"column":27},"end":{"line":60,"column":58}},"28":{"start":{"line":61,"column":23},"end":{"line":61,"column":52}},"29":{"start":{"line":62,"column":25},"end":{"line":62,"column":54}},"30":{"start":{"line":64,"column":2},"end":{"line":64,"column":84}},"31":{"start":{"line":67,"column":28},"end":{"line":67,"column":57}},"32":{"start":{"line":67,"column":35},"end":{"line":67,"column":57}},"33":{"start":{"line":69,"column":25},"end":{"line":83,"column":1}},"34":{"start":{"line":70,"column":2},"end":{"line":70,"column":26}},"35":{"start":{"line":72,"column":51},"end":{"line":72,"column":56}},"36":{"start":{"line":73,"column":19},"end":{"line":73,"column":51}},"37":{"start":{"line":75,"column":2},"end":{"line":81,"column":3}},"38":{"start":{"line":76,"column":4},"end":{"line":80,"column":5}},"39":{"start":{"line":82,"column":2},"end":{"line":82,"column":13}},"40":{"start":{"line":85,"column":28},"end":{"line":118,"column":1}},"41":{"start":{"line":86,"column":24},"end":{"line":89,"column":3}},"42":{"start":{"line":91,"column":2},"end":{"line":93,"column":3}},"43":{"start":{"line":92,"column":4},"end":{"line":92,"column":24}},"44":{"start":{"line":95,"column":28},"end":{"line":95,"column":69}},"45":{"start":{"line":97,"column":2},"end":{"line":116,"column":3}},"46":{"start":{"line":98,"column":4},"end":{"line":98,"column":35}},"47":{"start":{"line":100,"column":9},"end":{"line":116,"column":3}},"48":{"start":{"line":101,"column":17},"end":{"line":101,"column":33}},"49":{"start":{"line":103,"column":4},"end":{"line":109,"column":5}},"50":{"start":{"line":104,"column":40},"end":{"line":104,"column":44}},"51":{"start":{"line":105,"column":6},"end":{"line":105,"column":64}},"52":{"start":{"line":107,"column":6},"end":{"line":107,"column":35}},"53":{"start":{"line":108,"column":6},"end":{"line":108,"column":41}},"54":{"start":{"line":111,"column":4},"end":{"line":114,"column":6}},"55":{"start":{"line":115,"column":4},"end":{"line":115,"column":26}},"56":{"start":{"line":117,"column":2},"end":{"line":117,"column":26}},"57":{"start":{"line":120,"column":25},"end":{"line":136,"column":1}},"58":{"start":{"line":121,"column":2},"end":{"line":135,"column":6}},"59":{"start":{"line":123,"column":6},"end":{"line":126,"column":37}},"60":{"start":{"line":125,"column":24},"end":{"line":125,"column":35}},"61":{"start":{"line":126,"column":21},"end":{"line":126,"column":36}},"62":{"start":{"line":130,"column":6},"end":{"line":133,"column":8}},"63":{"start":{"line":134,"column":6},"end":{"line":134,"column":28}},"64":{"start":{"line":140,"column":29},"end":{"line":149,"column":1}},"65":{"start":{"line":141,"column":2},"end":{"line":148,"column":4}},"66":{"start":{"line":142,"column":4},"end":{"line":147,"column":6}},"67":{"start":{"line":143,"column":6},"end":{"line":145,"column":7}},"68":{"start":{"line":144,"column":8},"end":{"line":144,"column":26}},"69":{"start":{"line":146,"column":6},"end":{"line":146,"column":26}},"70":{"start":{"line":151,"column":22},"end":{"line":164,"column":1}},"71":{"start":{"line":152,"column":15},"end":{"line":152,"column":29}},"72":{"start":{"line":153,"column":2},"end":{"line":163,"column":3}},"73":{"start":{"line":166,"column":33},"end":{"line":179,"column":1}},"74":{"start":{"line":167,"column":2},"end":{"line":178,"column":3}},"75":{"start":{"line":173,"column":4},"end":{"line":176,"column":6}},"76":{"start":{"line":177,"column":4},"end":{"line":177,"column":26}},"77":{"start":{"line":181,"column":0},"end":{"line":183,"column":1}},"78":{"start":{"line":182,"column":2},"end":{"line":182,"column":8}}},"fnMap":{"0":{"name":"(anonymous_0)","decl":{"start":{"line":6,"column":20},"end":{"line":6,"column":21}},"loc":{"start":{"line":6,"column":32},"end":{"line":10,"column":1}},"line":6},"1":{"name":"(anonymous_1)","decl":{"start":{"line":12,"column":27},"end":{"line":12,"column":28}},"loc":{"start":{"line":12,"column":33},"end":{"line":23,"column":1}},"line":12},"2":{"name":"(anonymous_2)","decl":{"start":{"line":25,"column":22},"end":{"line":25,"column":23}},"loc":{"start":{"line":25,"column":43},"end":{"line":45,"column":1}},"line":25},"3":{"name":"(anonymous_3)","decl":{"start":{"line":28,"column":11},"end":{"line":28,"column":12}},"loc":{"start":{"line":28,"column":21},"end":{"line":34,"column":7}},"line":28},"4":{"name":"(anonymous_4)","decl":{"start":{"line":35,"column":11},"end":{"line":35,"column":12}},"loc":{"start":{"line":35,"column":45},"end":{"line":35,"column":83}},"line":35},"5":{"name":"(anonymous_5)","decl":{"start":{"line":36,"column":12},"end":{"line":36,"column":13}},"loc":{"start":{"line":36,"column":54},"end":{"line":36,"column":69}},"line":36},"6":{"name":"(anonymous_6)","decl":{"start":{"line":37,"column":11},"end":{"line":37,"column":12}},"loc":{"start":{"line":37,"column":39},"end":{"line":42,"column":7}},"line":37},"7":{"name":"(anonymous_7)","decl":{"start":{"line":47,"column":27},"end":{"line":47,"column":28}},"loc":{"start":{"line":47,"column":36},"end":{"line":56,"column":1}},"line":47},"8":{"name":"(anonymous_8)","decl":{"start":{"line":58,"column":28},"end":{"line":58,"column":29}},"loc":{"start":{"line":58,"column":52},"end":{"line":65,"column":1}},"line":58},"9":{"name":"(anonymous_9)","decl":{"start":{"line":67,"column":28},"end":{"line":67,"column":29}},"loc":{"start":{"line":67,"column":35},"end":{"line":67,"column":57}},"line":67},"10":{"name":"(anonymous_10)","decl":{"start":{"line":69,"column":25},"end":{"line":69,"column":26}},"loc":{"start":{"line":69,"column":34},"end":{"line":83,"column":1}},"line":69},"11":{"name":"(anonymous_11)","decl":{"start":{"line":85,"column":28},"end":{"line":85,"column":29}},"loc":{"start":{"line":85,"column":51},"end":{"line":118,"column":1}},"line":85},"12":{"name":"(anonymous_12)","decl":{"start":{"line":120,"column":25},"end":{"line":120,"column":26}},"loc":{"start":{"line":120,"column":37},"end":{"line":136,"column":1}},"line":120},"13":{"name":"(anonymous_13)","decl":{"start":{"line":122,"column":10},"end":{"line":122,"column":11}},"loc":{"start":{"line":122,"column":18},"end":{"line":128,"column":5}},"line":122},"14":{"name":"(anonymous_14)","decl":{"start":{"line":125,"column":16},"end":{"line":125,"column":17}},"loc":{"start":{"line":125,"column":24},"end":{"line":125,"column":35}},"line":125},"15":{"name":"(anonymous_15)","decl":{"start":{"line":126,"column":13},"end":{"line":126,"column":14}},"loc":{"start":{"line":126,"column":21},"end":{"line":126,"column":36}},"line":126},"16":{"name":"(anonymous_16)","decl":{"start":{"line":129,"column":11},"end":{"line":129,"column":12}},"loc":{"start":{"line":129,"column":17},"end":{"line":135,"column":5}},"line":129},"17":{"name":"(anonymous_17)","decl":{"start":{"line":140,"column":29},"end":{"line":140,"column":30}},"loc":{"start":{"line":140,"column":41},"end":{"line":149,"column":1}},"line":140},"18":{"name":"(anonymous_18)","decl":{"start":{"line":141,"column":21},"end":{"line":141,"column":22}},"loc":{"start":{"line":141,"column":42},"end":{"line":148,"column":3}},"line":141},"19":{"name":"(anonymous_19)","decl":{"start":{"line":142,"column":34},"end":{"line":142,"column":35}},"loc":{"start":{"line":142,"column":49},"end":{"line":147,"column":5}},"line":142},"20":{"name":"(anonymous_20)","decl":{"start":{"line":151,"column":22},"end":{"line":151,"column":23}},"loc":{"start":{"line":151,"column":29},"end":{"line":164,"column":1}},"line":151},"21":{"name":"(anonymous_21)","decl":{"start":{"line":166,"column":33},"end":{"line":166,"column":34}},"loc":{"start":{"line":166,"column":42},"end":{"line":179,"column":1}},"line":166}},"branchMap":{"0":{"loc":{"start":{"line":15,"column":2},"end":{"line":20,"column":3}},"type":"if","locations":[{"start":{"line":15,"column":2},"end":{"line":20,"column":3}},{"start":{"line":15,"column":2},"end":{"line":20,"column":3}}],"line":15},"1":{"loc":{"start":{"line":29,"column":8},"end":{"line":32,"column":9}},"type":"if","locations":[{"start":{"line":29,"column":8},"end":{"line":32,"column":9}},{"start":{"line":29,"column":8},"end":{"line":32,"column":9}}],"line":29},"2":{"loc":{"start":{"line":38,"column":8},"end":{"line":40,"column":9}},"type":"if","locations":[{"start":{"line":38,"column":8},"end":{"line":40,"column":9}},{"start":{"line":38,"column":8},"end":{"line":40,"column":9}}],"line":38},"3":{"loc":{"start":{"line":48,"column":2},"end":{"line":54,"column":3}},"type":"if","locations":[{"start":{"line":48,"column":2},"end":{"line":54,"column":3}},{"start":{"line":48,"column":2},"end":{"line":54,"column":3}}],"line":48},"4":{"loc":{"start":{"line":67,"column":35},"end":{"line":67,"column":57}},"type":"binary-expr","locations":[{"start":{"line":67,"column":35},"end":{"line":67,"column":43}},{"start":{"line":67,"column":47},"end":{"line":67,"column":57}}],"line":67},"5":{"loc":{"start":{"line":75,"column":2},"end":{"line":81,"column":3}},"type":"if","locations":[{"start":{"line":75,"column":2},"end":{"line":81,"column":3}},{"start":{"line":75,"column":2},"end":{"line":81,"column":3}}],"line":75},"6":{"loc":{"start":{"line":75,"column":6},"end":{"line":75,"column":72}},"type":"binary-expr","locations":[{"start":{"line":75,"column":6},"end":{"line":75,"column":22}},{"start":{"line":75,"column":26},"end":{"line":75,"column":72}}],"line":75},"7":{"loc":{"start":{"line":91,"column":2},"end":{"line":93,"column":3}},"type":"if","locations":[{"start":{"line":91,"column":2},"end":{"line":93,"column":3}},{"start":{"line":91,"column":2},"end":{"line":93,"column":3}}],"line":91},"8":{"loc":{"start":{"line":95,"column":28},"end":{"line":95,"column":69}},"type":"binary-expr","locations":[{"start":{"line":95,"column":28},"end":{"line":95,"column":52}},{"start":{"line":95,"column":56},"end":{"line":95,"column":69}}],"line":95},"9":{"loc":{"start":{"line":97,"column":2},"end":{"line":116,"column":3}},"type":"if","locations":[{"start":{"line":97,"column":2},"end":{"line":116,"column":3}},{"start":{"line":97,"column":2},"end":{"line":116,"column":3}}],"line":97},"10":{"loc":{"start":{"line":100,"column":9},"end":{"line":116,"column":3}},"type":"if","locations":[{"start":{"line":100,"column":9},"end":{"line":116,"column":3}},{"start":{"line":100,"column":9},"end":{"line":116,"column":3}}],"line":100},"11":{"loc":{"start":{"line":103,"column":4},"end":{"line":109,"column":5}},"type":"if","locations":[{"start":{"line":103,"column":4},"end":{"line":109,"column":5}},{"start":{"line":103,"column":4},"end":{"line":109,"column":5}}],"line":103},"12":{"loc":{"start":{"line":105,"column":23},"end":{"line":105,"column":64}},"type":"binary-expr","locations":[{"start":{"line":105,"column":23},"end":{"line":105,"column":37}},{"start":{"line":105,"column":41},"end":{"line":105,"column":64}}],"line":105},"13":{"loc":{"start":{"line":143,"column":6},"end":{"line":145,"column":7}},"type":"if","locations":[{"start":{"line":143,"column":6},"end":{"line":145,"column":7}},{"start":{"line":143,"column":6},"end":{"line":145,"column":7}}],"line":143},"14":{"loc":{"start":{"line":154,"column":4},"end":{"line":162,"column":17}},"type":"binary-expr","locations":[{"start":{"line":154,"column":4},"end":{"line":154,"column":21}},{"start":{"line":155,"column":4},"end":{"line":155,"column":19}},{"start":{"line":156,"column":4},"end":{"line":156,"column":19}},{"start":{"line":157,"column":4},"end":{"line":157,"column":37}},{"start":{"line":158,"column":4},"end":{"line":158,"column":37}},{"start":{"line":159,"column":4},"end":{"line":159,"column":16}},{"start":{"line":160,"column":4},"end":{"line":160,"column":17}},{"start":{"line":161,"column":4},"end":{"line":161,"column":16}},{"start":{"line":162,"column":4},"end":{"line":162,"column":17}}],"line":154},"15":{"loc":{"start":{"line":167,"column":2},"end":{"line":178,"column":3}},"type":"if","locations":[{"start":{"line":167,"column":2},"end":{"line":178,"column":3}},{"start":{"line":167,"column":2},"end":{"line":178,"column":3}}],"line":167},"16":{"loc":{"start":{"line":168,"column":4},"end":{"line":171,"column":19}},"type":"binary-expr","locations":[{"start":{"line":168,"column":4},"end":{"line":168,"column":22}},{"start":{"line":169,"column":4},"end":{"line":169,"column":21}},{"start":{"line":170,"column":4},"end":{"line":170,"column":21}},{"start":{"line":171,"column":4},"end":{"line":171,"column":19}}],"line":168},"17":{"loc":{"start":{"line":181,"column":0},"end":{"line":183,"column":1}},"type":"if","locations":[{"start":{"line":181,"column":0},"end":{"line":183,"column":1}},{"start":{"line":181,"column":0},"end":{"line":183,"column":1}}],"line":181}},"s":{"0":1,"1":0,"2":0,"3":0,"4":1,"5":0,"6":0,"7":0,"8":0,"9":0,"10":1,"11":4,"12":6,"13":2,"14":4,"15":6,"16":3,"17":6,"18":4,"19":2,"20":1,"21":4,"22":0,"23":0,"24":4,"25":1,"26":8,"27":8,"28":8,"29":8,"30":8,"31":1,"32":11,"33":1,"34":7,"35":7,"36":7,"37":7,"38":5,"39":2,"40":1,"41":11,"42":11,"43":4,"44":7,"45":7,"46":3,"47":4,"48":4,"49":4,"50":4,"51":4,"52":4,"53":4,"54":0,"55":0,"56":7,"57":1,"58":1,"59":1,"60":7,"61":6,"62":0,"63":0,"64":1,"65":1,"66":1,"67":1,"68":0,"69":1,"70":1,"71":21,"72":21,"73":1,"74":7,"75":0,"76":0,"77":1,"78":0},"f":{"0":0,"1":0,"2":4,"3":6,"4":6,"5":3,"6":6,"7":4,"8":8,"9":11,"10":7,"11":11,"12":1,"13":1,"14":7,"15":6,"16":0,"17":1,"18":1,"19":1,"20":21,"21":7},"b":{"0":[0,0],"1":[2,4],"2":[4,2],"3":[0,4],"4":[11,10],"5":[5,2],"6":[7,6],"7":[4,7],"8":[7,0],"9":[3,4],"10":[4,0],"11":[4,0],"12":[4,3],"13":[0,1],"14":[21,20,19,19,18,18,17,16,16],"15":[0,7],"16":[7,7,7,7],"17":[0,1]},"_coverageSchema":"332fd63041d2c1bcb487cc26dd0d5f7d97098a6c","hash":"06865ac63471daaa126c4f8c10942af14d30294a"}
}
