TN:
SF:/home/williamc/Projects/RootDriving/driving.js
FN:6,(anonymous_0)
FN:12,(anonymous_1)
FN:25,(anonymous_2)
FN:28,(anonymous_3)
FN:35,(anonymous_4)
FN:36,(anonymous_5)
FN:37,(anonymous_6)
FN:47,(anonymous_7)
FN:58,(anonymous_8)
FN:67,(anonymous_9)
FN:69,(anonymous_10)
FN:85,(anonymous_11)
FN:120,(anonymous_12)
FN:122,(anonymous_13)
FN:125,(anonymous_14)
FN:126,(anonymous_15)
FN:129,(anonymous_16)
FN:140,(anonymous_17)
FN:141,(anonymous_18)
FN:142,(anonymous_19)
FN:151,(anonymous_20)
FN:166,(anonymous_21)
FNF:22
FNH:19
FNDA:0,(anonymous_0)
FNDA:0,(anonymous_1)
FNDA:4,(anonymous_2)
FNDA:6,(anonymous_3)
FNDA:6,(anonymous_4)
FNDA:3,(anonymous_5)
FNDA:6,(anonymous_6)
FNDA:4,(anonymous_7)
FNDA:8,(anonymous_8)
FNDA:11,(anonymous_9)
FNDA:7,(anonymous_10)
FNDA:11,(anonymous_11)
FNDA:1,(anonymous_12)
FNDA:1,(anonymous_13)
FNDA:7,(anonymous_14)
FNDA:6,(anonymous_15)
FNDA:0,(anonymous_16)
FNDA:1,(anonymous_17)
FNDA:1,(anonymous_18)
FNDA:1,(anonymous_19)
FNDA:21,(anonymous_20)
FNDA:7,(anonymous_21)
DA:6,1
DA:7,0
DA:8,0
DA:9,0
DA:12,1
DA:13,0
DA:15,0
DA:16,0
DA:19,0
DA:22,0
DA:25,1
DA:26,4
DA:29,6
DA:31,2
DA:33,4
DA:35,6
DA:36,3
DA:38,6
DA:39,4
DA:41,2
DA:47,1
DA:48,4
DA:49,0
DA:53,0
DA:55,4
DA:58,1
DA:59,8
DA:60,8
DA:61,8
DA:62,8
DA:64,8
DA:67,11
DA:69,1
DA:70,7
DA:72,7
DA:73,7
DA:75,7
DA:76,5
DA:82,2
DA:85,1
DA:86,11
DA:91,11
DA:92,4
DA:95,7
DA:97,7
DA:98,3
DA:100,4
DA:101,4
DA:103,4
DA:104,4
DA:105,4
DA:107,4
DA:108,4
DA:111,0
DA:115,0
DA:117,7
DA:120,1
DA:121,1
DA:123,1
DA:125,7
DA:126,6
DA:130,0
DA:134,0
DA:140,1
DA:141,1
DA:142,1
DA:143,1
DA:144,0
DA:146,1
DA:151,1
DA:152,21
DA:153,21
DA:166,1
DA:167,7
DA:173,0
DA:177,0
DA:181,1
DA:182,0
LF:78
LH:60
BRDA:15,0,0,0
BRDA:15,0,1,0
BRDA:29,1,0,2
BRDA:29,1,1,4
BRDA:38,2,0,4
BRDA:38,2,1,2
BRDA:48,3,0,0
BRDA:48,3,1,4
BRDA:67,4,0,11
BRDA:67,4,1,10
BRDA:75,5,0,5
BRDA:75,5,1,2
BRDA:75,6,0,7
BRDA:75,6,1,6
BRDA:91,7,0,4
BRDA:91,7,1,7
BRDA:95,8,0,7
BRDA:95,8,1,0
BRDA:97,9,0,3
BRDA:97,9,1,4
BRDA:100,10,0,4
BRDA:100,10,1,0
BRDA:103,11,0,4
BRDA:103,11,1,0
BRDA:105,12,0,4
BRDA:105,12,1,3
BRDA:143,13,0,0
BRDA:143,13,1,1
BRDA:154,14,0,21
BRDA:154,14,1,20
BRDA:154,14,2,19
BRDA:154,14,3,19
BRDA:154,14,4,18
BRDA:154,14,5,18
BRDA:154,14,6,17
BRDA:154,14,7,16
BRDA:154,14,8,16
BRDA:167,15,0,0
BRDA:167,15,1,7
BRDA:168,16,0,7
BRDA:168,16,1,7
BRDA:168,16,2,7
BRDA:168,16,3,7
BRDA:181,17,0,0
BRDA:181,17,1,1
BRF:45
BRH:36
end_of_record
